[8336:27856:0207/203304.896:WARNING:chrome_main_delegate.cc(745)] This is Chrome version 128.0.6613.138 (not a warning)
[8336:9364:0207/203305.126:ERROR:google_update_settings.cc(265)] Failed opening key Software\Chromium to set usagestats; result: 5
[8336:27856:0207/203305.252:WARNING:account_consistency_mode_manager.cc(77)] Desktop Identity Consistency cannot be enabled as no OAuth client ID and client secret have been configured.
[8336:21280:0207/203313.170:ERROR:cast_crl.cc(443)] CRL - Verification failed.
[11892:32112:0207/203313.247:WARNING:frame_impl.cc(430)] virtual CefFrameImpl::SendProcessMessage sent to detached frame 5-0966EECC75CD1A05BE9A25C947DF4A7E will be ignored
[8336:21280:0207/203314.916:WARNING:browser_info.cc(345)] Returning a speculative frame for [8,9]
[8336:27856:0207/203315.582:WARNING:browser_info.cc(345)] Returning a speculative frame for [10,9]
[8336:27856:0207/203315.582:WARNING:browser_info.cc(345)] Returning a speculative frame for [10,9]
[8336:27856:0207/203315.582:WARNING:browser_info.cc(345)] Returning a speculative frame for [10,9]
[8336:27856:0207/203315.582:WARNING:browser_info.cc(345)] Returning a speculative frame for [10,9]
[8336:21280:0207/203315.586:WARNING:browser_info.cc(345)] Returning a speculative frame for [10,9]
[8336:21280:0207/203528.929:WARNING:browser_info.cc(345)] Returning a speculative frame for [11,9]
[8336:27856:0207/203529.592:WARNING:browser_info.cc(345)] Returning a speculative frame for [11,9]
[8336:27856:0207/203529.592:WARNING:browser_info.cc(345)] Returning a speculative frame for [11,9]
[8336:27856:0207/203529.592:WARNING:browser_info.cc(345)] Returning a speculative frame for [11,9]
[8336:27856:0207/203529.592:WARNING:browser_info.cc(345)] Returning a speculative frame for [11,9]
[17260:25548:0207/203742.621:ERROR:shared_image_manager.cc(224)] SharedImageManager::ProduceSkia: Trying to Produce a Skia representation from a non-existent mailbox.
[17260:25548:0207/203742.621:ERROR:shared_image_manager.cc(224)] SharedImageManager::ProduceSkia: Trying to Produce a Skia representation from a non-existent mailbox.
[8336:21280:0208/023739.854:ERROR:cast_crl.cc(443)] CRL - Verification failed.
[23196:11976:0208/023742.339:WARNING:dns_config_service_win.cc(605)] Failed to read DnsConfig.
[8336:9364:0208/023742.352:WARNING:dns_config_service_win.cc(605)] Failed to read DnsConfig.
